<?xml version="1.0" encoding="UTF-8"?>
<!-- Generated by org.testng.reporters.JUnitReportReporter -->
<testsuite skipped="1" hostname="DESKTOP-HBIEH1N" name="crm.qa.testcases.AllAccountPageTest" tests="1" failures="0" timestamp="15 Jul 2019 12:32:31 GMT" time="0.000" errors="0">
  <testcase name="addDataTest" time="0.000" classname="crm.qa.testcases.AllAccountPageTest">
    <skipped/>
  </testcase> <!-- addDataTest -->
</testsuite> <!-- crm.qa.testcases.AllAccountPageTest -->
